<?xml version="1.0" encoding="UTF-8"?>
<!-- Generated by org.testng.reporters.JUnitReportReporter -->
<testsuite hostname="LenovoIdeaPad" failures="0" tests="1" name="tests.Test2" time="14.991" errors="0" timestamp="2025-02-22T20:25:18 IST" skipped="0">
  <testcase classname="tests.Test2" name="search2" time="14.991"/>
  <system-out/>
</testsuite> <!-- tests.Test2 -->
