<?xml version="1.0" encoding="UTF-8"?>
<!-- Generated by org.testng.reporters.JUnitReportReporter -->
<testsuite hostname="LenovoIdeaPad" failures="0" tests="2" name="tests.TestGoogle" time="63.600" errors="0" timestamp="2025-02-26T16:07:51 IST" skipped="0">
  <testcase classname="tests.TestGoogle" name="testGoogle" time="31.773"/>
  <system-out/>
  <testcase classname="tests.TestGoogle" name="testGoogle" time="31.827"/>
  <system-out/>
</testsuite> <!-- tests.TestGoogle -->
