<?xml version="1.0" encoding="UTF-8"?>
<!-- Generated by org.testng.reporters.JUnitReportReporter -->
<testsuite hostname="LenovoIdeaPad" failures="0" tests="1" name="tests.Test3" time="17.110" errors="0" timestamp="2025-02-22T20:25:18 IST" skipped="0">
  <testcase classname="tests.Test3" name="search3" time="17.110"/>
  <system-out/>
</testsuite> <!-- tests.Test3 -->
