<?xml version="1.0" encoding="UTF-8"?>
<!-- Generated by org.testng.reporters.JUnitReportReporter -->
<testsuite hostname="LenovoIdeaPad" failures="0" tests="2" name="tests.Test1" time="17.130" errors="0" timestamp="2025-02-22T20:25:18 IST" skipped="0">
  <testcase classname="tests.Test1" name="Test1search2" time="11.036"/>
  <system-out/>
  <testcase classname="tests.Test1" name="Test1search1" time="6.094"/>
  <system-out/>
</testsuite> <!-- tests.Test1 -->
